[2021-07-23 16:58:07,191] {scheduler_job.py:181} INFO - Started process (PID=7139) to work on /opt/airflow/dags/My_first_dag.py
[2021-07-23 16:58:07,192] {scheduler_job.py:632} INFO - Processing file /opt/airflow/dags/My_first_dag.py for tasks to queue
[2021-07-23 16:58:07,193] {logging_mixin.py:104} INFO - [2021-07-23 16:58:07,192] {dagbag.py:496} INFO - Filling up the DagBag from /opt/airflow/dags/My_first_dag.py
[2021-07-23 16:58:07,222] {scheduler_job.py:642} INFO - DAG(s) dict_keys(['my-first-dag']) retrieved from /opt/airflow/dags/My_first_dag.py
[2021-07-23 16:58:07,691] {logging_mixin.py:104} INFO - [2021-07-23 16:58:07,691] {dag.py:1833} INFO - Sync 1 DAGs
[2021-07-23 16:58:07,700] {logging_mixin.py:104} INFO - [2021-07-23 16:58:07,700] {dag.py:2306} INFO - Setting next_dagrun for my-first-dag to 2021-07-23 16:57:07.700780+00:00
[2021-07-23 16:58:07,715] {scheduler_job.py:189} INFO - Processing /opt/airflow/dags/My_first_dag.py took 0.526 seconds
[2021-07-23 16:58:37,886] {scheduler_job.py:181} INFO - Started process (PID=7162) to work on /opt/airflow/dags/My_first_dag.py
[2021-07-23 16:58:37,887] {scheduler_job.py:632} INFO - Processing file /opt/airflow/dags/My_first_dag.py for tasks to queue
[2021-07-23 16:58:37,888] {logging_mixin.py:104} INFO - [2021-07-23 16:58:37,888] {dagbag.py:496} INFO - Filling up the DagBag from /opt/airflow/dags/My_first_dag.py
[2021-07-23 16:58:37,908] {scheduler_job.py:642} INFO - DAG(s) dict_keys(['my-first-dag']) retrieved from /opt/airflow/dags/My_first_dag.py
[2021-07-23 16:58:37,924] {logging_mixin.py:104} INFO - [2021-07-23 16:58:37,924] {dag.py:1833} INFO - Sync 1 DAGs
[2021-07-23 16:58:37,933] {logging_mixin.py:104} INFO - [2021-07-23 16:58:37,933] {dag.py:2306} INFO - Setting next_dagrun for my-first-dag to 2021-07-23 16:57:37.933510+00:00
[2021-07-23 16:58:37,947] {scheduler_job.py:189} INFO - Processing /opt/airflow/dags/My_first_dag.py took 0.063 seconds
[2021-07-23 16:59:08,045] {scheduler_job.py:181} INFO - Started process (PID=7196) to work on /opt/airflow/dags/My_first_dag.py
[2021-07-23 16:59:08,046] {scheduler_job.py:632} INFO - Processing file /opt/airflow/dags/My_first_dag.py for tasks to queue
[2021-07-23 16:59:08,047] {logging_mixin.py:104} INFO - [2021-07-23 16:59:08,047] {dagbag.py:496} INFO - Filling up the DagBag from /opt/airflow/dags/My_first_dag.py
[2021-07-23 16:59:08,067] {scheduler_job.py:642} INFO - DAG(s) dict_keys(['my-first-dag']) retrieved from /opt/airflow/dags/My_first_dag.py
[2021-07-23 16:59:08,083] {logging_mixin.py:104} INFO - [2021-07-23 16:59:08,083] {dag.py:1833} INFO - Sync 1 DAGs
[2021-07-23 16:59:08,092] {logging_mixin.py:104} INFO - [2021-07-23 16:59:08,092] {dag.py:2306} INFO - Setting next_dagrun for my-first-dag to 2021-07-23 16:58:08.092072+00:00
[2021-07-23 16:59:08,106] {scheduler_job.py:189} INFO - Processing /opt/airflow/dags/My_first_dag.py took 0.063 seconds
[2021-07-23 16:59:38,247] {scheduler_job.py:181} INFO - Started process (PID=7229) to work on /opt/airflow/dags/My_first_dag.py
[2021-07-23 16:59:38,249] {scheduler_job.py:632} INFO - Processing file /opt/airflow/dags/My_first_dag.py for tasks to queue
[2021-07-23 16:59:38,250] {logging_mixin.py:104} INFO - [2021-07-23 16:59:38,250] {dagbag.py:496} INFO - Filling up the DagBag from /opt/airflow/dags/My_first_dag.py
[2021-07-23 16:59:38,273] {scheduler_job.py:642} INFO - DAG(s) dict_keys(['my-first-dag']) retrieved from /opt/airflow/dags/My_first_dag.py
[2021-07-23 16:59:38,350] {logging_mixin.py:104} INFO - [2021-07-23 16:59:38,350] {dag.py:1833} INFO - Sync 1 DAGs
[2021-07-23 16:59:38,371] {logging_mixin.py:104} INFO - [2021-07-23 16:59:38,371] {dag.py:2306} INFO - Setting next_dagrun for my-first-dag to 2021-07-23 16:58:38.371096+00:00
[2021-07-23 16:59:38,386] {scheduler_job.py:189} INFO - Processing /opt/airflow/dags/My_first_dag.py took 0.141 seconds
[2021-07-23 17:00:08,521] {scheduler_job.py:181} INFO - Started process (PID=7252) to work on /opt/airflow/dags/My_first_dag.py
[2021-07-23 17:00:08,522] {scheduler_job.py:632} INFO - Processing file /opt/airflow/dags/My_first_dag.py for tasks to queue
[2021-07-23 17:00:08,523] {logging_mixin.py:104} INFO - [2021-07-23 17:00:08,523] {dagbag.py:496} INFO - Filling up the DagBag from /opt/airflow/dags/My_first_dag.py
[2021-07-23 17:00:08,542] {scheduler_job.py:642} INFO - DAG(s) dict_keys(['my-first-dag']) retrieved from /opt/airflow/dags/My_first_dag.py
[2021-07-23 17:00:08,558] {logging_mixin.py:104} INFO - [2021-07-23 17:00:08,558] {dag.py:1833} INFO - Sync 1 DAGs
[2021-07-23 17:00:08,568] {logging_mixin.py:104} INFO - [2021-07-23 17:00:08,568] {dag.py:2306} INFO - Setting next_dagrun for my-first-dag to 2021-07-23 16:59:08.568052+00:00
[2021-07-23 17:00:08,576] {scheduler_job.py:189} INFO - Processing /opt/airflow/dags/My_first_dag.py took 0.058 seconds
[2021-07-23 17:00:38,664] {scheduler_job.py:181} INFO - Started process (PID=7284) to work on /opt/airflow/dags/My_first_dag.py
[2021-07-23 17:00:38,665] {scheduler_job.py:632} INFO - Processing file /opt/airflow/dags/My_first_dag.py for tasks to queue
[2021-07-23 17:00:38,666] {logging_mixin.py:104} INFO - [2021-07-23 17:00:38,666] {dagbag.py:496} INFO - Filling up the DagBag from /opt/airflow/dags/My_first_dag.py
[2021-07-23 17:00:38,687] {scheduler_job.py:642} INFO - DAG(s) dict_keys(['my-first-dag']) retrieved from /opt/airflow/dags/My_first_dag.py
[2021-07-23 17:00:38,704] {logging_mixin.py:104} INFO - [2021-07-23 17:00:38,704] {dag.py:1833} INFO - Sync 1 DAGs
[2021-07-23 17:00:38,714] {logging_mixin.py:104} INFO - [2021-07-23 17:00:38,714] {dag.py:2306} INFO - Setting next_dagrun for my-first-dag to 2021-07-23 16:59:38.714222+00:00
[2021-07-23 17:00:38,729] {scheduler_job.py:189} INFO - Processing /opt/airflow/dags/My_first_dag.py took 0.068 seconds
[2021-07-23 17:01:08,840] {scheduler_job.py:181} INFO - Started process (PID=7317) to work on /opt/airflow/dags/My_first_dag.py
[2021-07-23 17:01:08,841] {scheduler_job.py:632} INFO - Processing file /opt/airflow/dags/My_first_dag.py for tasks to queue
[2021-07-23 17:01:08,842] {logging_mixin.py:104} INFO - [2021-07-23 17:01:08,842] {dagbag.py:496} INFO - Filling up the DagBag from /opt/airflow/dags/My_first_dag.py
[2021-07-23 17:01:08,860] {scheduler_job.py:642} INFO - DAG(s) dict_keys(['my-first-dag']) retrieved from /opt/airflow/dags/My_first_dag.py
[2021-07-23 17:01:08,876] {logging_mixin.py:104} INFO - [2021-07-23 17:01:08,876] {dag.py:1833} INFO - Sync 1 DAGs
[2021-07-23 17:01:08,887] {logging_mixin.py:104} INFO - [2021-07-23 17:01:08,887] {dag.py:2306} INFO - Setting next_dagrun for my-first-dag to 2021-07-23 17:00:08.887489+00:00
[2021-07-23 17:01:08,896] {scheduler_job.py:189} INFO - Processing /opt/airflow/dags/My_first_dag.py took 0.059 seconds
[2021-07-23 17:01:39,005] {scheduler_job.py:181} INFO - Started process (PID=7340) to work on /opt/airflow/dags/My_first_dag.py
[2021-07-23 17:01:39,006] {scheduler_job.py:632} INFO - Processing file /opt/airflow/dags/My_first_dag.py for tasks to queue
[2021-07-23 17:01:39,007] {logging_mixin.py:104} INFO - [2021-07-23 17:01:39,007] {dagbag.py:496} INFO - Filling up the DagBag from /opt/airflow/dags/My_first_dag.py
[2021-07-23 17:01:39,024] {scheduler_job.py:642} INFO - DAG(s) dict_keys(['my-first-dag']) retrieved from /opt/airflow/dags/My_first_dag.py
[2021-07-23 17:01:39,045] {logging_mixin.py:104} INFO - [2021-07-23 17:01:39,044] {dag.py:1833} INFO - Sync 1 DAGs
[2021-07-23 17:01:39,055] {logging_mixin.py:104} INFO - [2021-07-23 17:01:39,055] {dag.py:2306} INFO - Setting next_dagrun for my-first-dag to 2021-07-23 17:00:39.055177+00:00
[2021-07-23 17:01:39,065] {scheduler_job.py:189} INFO - Processing /opt/airflow/dags/My_first_dag.py took 0.063 seconds
[2021-07-23 17:02:09,156] {scheduler_job.py:181} INFO - Started process (PID=7372) to work on /opt/airflow/dags/My_first_dag.py
[2021-07-23 17:02:09,158] {scheduler_job.py:632} INFO - Processing file /opt/airflow/dags/My_first_dag.py for tasks to queue
[2021-07-23 17:02:09,158] {logging_mixin.py:104} INFO - [2021-07-23 17:02:09,158] {dagbag.py:496} INFO - Filling up the DagBag from /opt/airflow/dags/My_first_dag.py
[2021-07-23 17:02:09,178] {scheduler_job.py:642} INFO - DAG(s) dict_keys(['my-first-dag']) retrieved from /opt/airflow/dags/My_first_dag.py
[2021-07-23 17:02:09,194] {logging_mixin.py:104} INFO - [2021-07-23 17:02:09,194] {dag.py:1833} INFO - Sync 1 DAGs
[2021-07-23 17:02:09,206] {logging_mixin.py:104} INFO - [2021-07-23 17:02:09,206] {dag.py:2306} INFO - Setting next_dagrun for my-first-dag to 2021-07-23 17:01:09.206099+00:00
[2021-07-23 17:02:09,222] {scheduler_job.py:189} INFO - Processing /opt/airflow/dags/My_first_dag.py took 0.068 seconds
